<?xml version="1.0" encoding="###encoding###" ?>
<XML Type="ListBuilder">
	<Order No="###OrderNo###" DispDate="###OrderDispDate###" Basket="###OrderBasket###">
		<Head>
			<COMM>###COMM###</COMM>
			<ARTICLENO>###ARTICLENO###</ARTICLENO>
			<CUSTOMER>###CUSTOMER###</CUSTOMER>
			<RETAILER>###RETAILER###</RETAILER>
			<CLIENT>###CLIENT###</CLIENT>
			<PROGRAM>###PROGRAM###</PROGRAM>
			<EMPLOYEE>###EMPLOYEE###</EMPLOYEE>
			<TEXT_LONG>###TEXT_LONG###</TEXT_LONG>
			<TEXT_SHORT>###TEXT_SHORT###</TEXT_SHORT>

			<COLOUR1>###COLOUR1###</COLOUR1>
			<COLOUR2>###COLOUR2###</COLOUR2>
			<COLOUR3>###COLOUR3###</COLOUR3>
			<COLOUR4>###COLOUR4###</COLOUR4>
			<COLOUR5>###COLOUR5###</COLOUR5>

			<INFO1>###CUSTOM_INFO1###</INFO1>
			<INFO2>###CUSTOM_INFO2###</INFO2>
			<INFO3>###CUSTOM_INFO3###</INFO3>
			<INFO4>###CUSTOM_INFO4###</INFO4>
			<INFO5>###CUSTOM_INFO5###</INFO5>
			<INFO6>###CUSTOM_INFO6###</INFO6>
			<INFO7>###CUSTOM_INFO7###</INFO7>
			<INFO8>###CUSTOM_INFO8###</INFO8>
			<INFO9>###CUSTOM_INFO9###</INFO9>
		   <INFO10>###CUSTOM_INFO10###</INFO10>
                    
			<ADDRESS1>###ADDRESS1###</ADDRESS1>
			<ADDRESS2>###ADDRESS2###</ADDRESS2>
			<ADDRESS3>###ADDRESS3###</ADDRESS3>
			<ADDRESS4>###ADDRESS4###</ADDRESS4>
			<ADDRESS5>###ADDRESS5###</ADDRESS5>
			<ADDRESS6>###ADDRESS6###</ADDRESS6>

			<BILLING_ADDRESS1>###BILLING_ADDRESS1###</BILLING_ADDRESS1>
			<BILLING_ADDRESS2>###BILLING_ADDRESS2###</BILLING_ADDRESS2>
			<BILLING_ADDRESS3>###BILLING_ADDRESS3###</BILLING_ADDRESS3>
			<BILLING_ADDRESS4>###BILLING_ADDRESS4###</BILLING_ADDRESS4>
			<BILLING_ADDRESS5>###BILLING_ADDRESS5###</BILLING_ADDRESS5>
			<BILLING_ADDRESS6>###BILLING_ADDRESS6###</BILLING_ADDRESS6>

			<SHIPPING_ADDRESS1>###SHIPPING_ADDRESS1###</SHIPPING_ADDRESS1>
			<SHIPPING_ADDRESS2>###SHIPPING_ADDRESS2###</SHIPPING_ADDRESS2>
			<SHIPPING_ADDRESS3>###SHIPPING_ADDRESS3###</SHIPPING_ADDRESS3>
			<SHIPPING_ADDRESS4>###SHIPPING_ADDRESS4###</SHIPPING_ADDRESS4>
			<SHIPPING_ADDRESS5>###SHIPPING_ADDRESS5###</SHIPPING_ADDRESS5>
			<SHIPPING_ADDRESS6>###SHIPPING_ADDRESS6###</SHIPPING_ADDRESS6>

			<ORDER_PRICE_INFO1>###ORDER_PRICE_INFO1###</ORDER_PRICE_INFO1>
			<ORDER_PRICE_INFO2>###ORDER_PRICE_INFO2###</ORDER_PRICE_INFO2>
			<ORDER_PRICE_INFO3>###ORDER_PRICE_INFO3###</ORDER_PRICE_INFO3>
			<ORDER_PRICE_INFO4>###ORDER_PRICE_INFO4###</ORDER_PRICE_INFO4>
			<ORDER_PRICE_INFO5>###ORDER_PRICE_INFO5###</ORDER_PRICE_INFO5>

			<CUSTOM_INFO1>###CUSTOM_INFO1###</CUSTOM_INFO1>
			<CUSTOM_INFO2>###CUSTOM_INFO2###</CUSTOM_INFO2>
			<CUSTOM_INFO3>###CUSTOM_INFO3###</CUSTOM_INFO3>
			<CUSTOM_INFO4>###CUSTOM_INFO4###</CUSTOM_INFO4>
			<CUSTOM_INFO5>###CUSTOM_INFO5###</CUSTOM_INFO5>
			<CUSTOM_INFO6>###CUSTOM_INFO6###</CUSTOM_INFO6>
			<CUSTOM_INFO7>###CUSTOM_INFO7###</CUSTOM_INFO7>
			<CUSTOM_INFO8>###CUSTOM_INFO8###</CUSTOM_INFO8>
			<CUSTOM_INFO9>###CUSTOM_INFO9###</CUSTOM_INFO9>
		   <CUSTOM_INFO10>###CUSTOM_INFO10###</CUSTOM_INFO10>

		</Head>
		<BuilderList>
			<!-- ###SETS### -->
			<Set LineNo="###LineNo###">
				<Pname>###Pname###</Pname>
				<Count>###Count###</Count>
				<PVarString>###PVarString###</PVarString>
				<ARTICLE_TEXT_INFO1>###ARTICLE_TEXT_INFO1###</ARTICLE_TEXT_INFO1>
				<ARTICLE_TEXT_INFO2>###ARTICLE_TEXT_INFO2###</ARTICLE_TEXT_INFO2>
				<ARTICLE_TEXT_INFO3>###ARTICLE_TEXT_INFO3###</ARTICLE_TEXT_INFO3>
				<ARTICLE_TEXT_INFO4>###ARTICLE_TEXT_INFO4###</ARTICLE_TEXT_INFO4>
				<ARTICLE_PRICE_INFO1>###ARTICLE_PRICE_INFO1###</ARTICLE_PRICE_INFO1>
				<ARTICLE_PRICE_INFO2>###ARTICLE_PRICE_INFO2###</ARTICLE_PRICE_INFO2>
				<PInsertion>###PInsertion###</PInsertion>
				<POrntation>###POrntation###</POrntation>
				<!--
				<ArticleNumber>###ArticleNumber###</ArticleNumber>
				-->
			</Set>
			<!-- ###SETS### -->
		</BuilderList>
	</Order>
</XML>