<?xml version="1.0" encoding="UTF-8" ?>
<XML Type="ListBuilder">
	
	<Order No="2012000372" DispDate="21.05.2012" Basket="372">
		<Head>
			<COMM>imosnet-rad 16.01.2012 09:22:49</COMM>
			<ARTICLENO>2012000372</ARTICLENO>
			<CUSTOMER></CUSTOMER>
			<RETAILER></RETAILER>
			<CLIENT></CLIENT>
			<PROGRAM></PROGRAM>
			<EMPLOYEE></EMPLOYEE>
			<TEXT_LONG></TEXT_LONG>
			<TEXT_SHORT></TEXT_SHORT>

			

			<COLOUR1></COLOUR1>
			<COLOUR2></COLOUR2>
			<COLOUR3></COLOUR3>
			<COLOUR4></COLOUR4>
			<COLOUR5></COLOUR5>

			<INFO1>Martin Rademacher</INFO1>
			<INFO2>imos AG</INFO2>
			<INFO3>Planckstraße 24</INFO3>
			<INFO4>35052</INFO4>
			<INFO5>Herford</INFO5>
			<INFO6>Germany</INFO6>
			<INFO7>KNR08/15</INFO7>
			<INFO8>05221976412</INFO8>
			<INFO9>mrademacher@imos3d.com</INFO9>
			<INFO10>imosnet-rad</INFO10>

			<ADDRESS1></ADDRESS1>
			<ADDRESS2></ADDRESS2>
			<ADDRESS3></ADDRESS3>
			<ADDRESS4></ADDRESS4>
			<ADDRESS5></ADDRESS5>
			<ADDRESS6></ADDRESS6>

			<BILLING_ADDRESS1></BILLING_ADDRESS1>
			<BILLING_ADDRESS2></BILLING_ADDRESS2>
			<BILLING_ADDRESS3></BILLING_ADDRESS3>
			<BILLING_ADDRESS4></BILLING_ADDRESS4>
			<BILLING_ADDRESS5></BILLING_ADDRESS5>
			<BILLING_ADDRESS6></BILLING_ADDRESS6>

			<SHIPPING_ADDRESS1></SHIPPING_ADDRESS1>
			<SHIPPING_ADDRESS2></SHIPPING_ADDRESS2>
			<SHIPPING_ADDRESS3></SHIPPING_ADDRESS3>
			<SHIPPING_ADDRESS4></SHIPPING_ADDRESS4>
			<SHIPPING_ADDRESS5></SHIPPING_ADDRESS5>
			<SHIPPING_ADDRESS6></SHIPPING_ADDRESS6>

			<ORDER_PRICE_INFO1>123.62</ORDER_PRICE_INFO1>
			<ORDER_PRICE_INFO2></ORDER_PRICE_INFO2>
			<ORDER_PRICE_INFO3></ORDER_PRICE_INFO3>
			<ORDER_PRICE_INFO4></ORDER_PRICE_INFO4>
			<ORDER_PRICE_INFO5></ORDER_PRICE_INFO5>

			<CUSTOM_INFO1>Martin Rademacher</CUSTOM_INFO1>
			<CUSTOM_INFO2>imos AG</CUSTOM_INFO2>
			<CUSTOM_INFO3>Planckstraße 24</CUSTOM_INFO3>
			<CUSTOM_INFO4>35052</CUSTOM_INFO4>
			<CUSTOM_INFO5>Herford</CUSTOM_INFO5>
			<CUSTOM_INFO6>KNR08/15</CUSTOM_INFO6>
			<CUSTOM_INFO7></CUSTOM_INFO7>
			<CUSTOM_INFO8></CUSTOM_INFO8>
			<CUSTOM_INFO9></CUSTOM_INFO9>
			<CUSTOM_INFO10></CUSTOM_INFO10>

		</Head>
		<BuilderList>
			
				<!--  -->
				
					<!--Set LineNo="1 - 1 - 1"-->
					<Set LineNo="1">
						<Pname>BC_SD</Pname>
						<Count>1</Count>
						<PVarString>ART_BUILDFLAGS:=15238|___MODEL_NAME:=BC_SD|ART_NAME:=BC_SD|ART_SIZEX:=450|ART_SIZEY:=560|ART_SIZEZ:=900|DOOR_DIRECTION:=SDO_1111_L_HT|AS_AMOUNT:=1:1|BASE_TOP_TYPE:=HR_1000_1000_CODO|MAT_D:=BLISS_SHITAKE_18|PRF_D:=BLISS_SHITAKE_PVC_2mm|MAT_BT:=ALLUVIAL_STONE_30|HANDLE_TYPE:=Handle_0115169|HANDLE_ROTATION:=0|HP_BU_HOR:=40|HP_BU_VER:=60</PVarString>
						<ARTICLE_TEXT_INFO1>BC_SD</ARTICLE_TEXT_INFO1>
						<ARTICLE_TEXT_INFO2>Width:  450 mm, Depth:  560 mm, Height:  900 mm, Door direction:  SDO_1111_L_HT </ARTICLE_TEXT_INFO2>
						<ARTICLE_TEXT_INFO3></ARTICLE_TEXT_INFO3>
						<ARTICLE_TEXT_INFO4></ARTICLE_TEXT_INFO4>
						<ARTICLE_PRICE_INFO1>61.81</ARTICLE_PRICE_INFO1>
						<ARTICLE_PRICE_INFO2>61.81</ARTICLE_PRICE_INFO2>
						<ARTICLE_PRICE_INFO3></ARTICLE_PRICE_INFO3>
						<PInsertion>0,0,0</PInsertion>
						<POrntation></POrntation>
						<!--
						<ArticleNumber></ArticleNumber>
						-->
					</Set>
					<!--  -->
					
			
				<!--  -->
				
					<!--Set LineNo="2 - 2 - 2"-->
					<Set LineNo="2">
						<Pname>BC_SD</Pname>
						<Count>1</Count>
						<PVarString>ART_BUILDFLAGS:=15238|___MODEL_NAME:=BC_SD|ART_NAME:=BC_SD|ART_SIZEX:=450|ART_SIZEY:=560|ART_SIZEZ:=900|DOOR_DIRECTION:=SDO_1111_L_HT|AS_AMOUNT:=1:1|BASE_TOP_TYPE:=HR_1000_1000_CODO|MAT_D:=BLISS_SHITAKE_18|PRF_D:=BLISS_SHITAKE_PVC_2mm|MAT_BT:=ALLUVIAL_STONE_30|HANDLE_TYPE:=Handle_0115169|HANDLE_ROTATION:=0|HP_BU_HOR:=40|HP_BU_VER:=60</PVarString>
						<ARTICLE_TEXT_INFO1>BC_SD</ARTICLE_TEXT_INFO1>
						<ARTICLE_TEXT_INFO2>Width:  450 mm, Depth:  560 mm, Height:  900 mm, Door direction:  SDO_1111_L_HT </ARTICLE_TEXT_INFO2>
						<ARTICLE_TEXT_INFO3></ARTICLE_TEXT_INFO3>
						<ARTICLE_TEXT_INFO4></ARTICLE_TEXT_INFO4>
						<ARTICLE_PRICE_INFO1>61.81</ARTICLE_PRICE_INFO1>
						<ARTICLE_PRICE_INFO2>61.81</ARTICLE_PRICE_INFO2>
						<ARTICLE_PRICE_INFO3></ARTICLE_PRICE_INFO3>
						<PInsertion>0,0,0</PInsertion>
						<POrntation></POrntation>
						<!--
						<ArticleNumber></ArticleNumber>
						-->
					</Set>
					<!--  -->
					
			
		</BuilderList>
	</Order>
</XML>