<?xml version="1.0" encoding="UTF-8" ?>
<XML Type="ListBuilder">
	
	<Order No="2012000417" DispDate="22.05.2012" Basket="417">
		<Head>
			<COMM>centraljoinery 22.05.2012 06:40:26</COMM>
			<ARTICLENO>2012000417</ARTICLENO>
			<CUSTOMER></CUSTOMER>
			<RETAILER></RETAILER>
			<CLIENT></CLIENT>
			<PROGRAM></PROGRAM>
			<EMPLOYEE></EMPLOYEE>
			<TEXT_LONG></TEXT_LONG>
			<TEXT_SHORT></TEXT_SHORT>

			

			<COLOUR1></COLOUR1>
			<COLOUR2></COLOUR2>
			<COLOUR3></COLOUR3>
			<COLOUR4></COLOUR4>
			<COLOUR5></COLOUR5>

			<INFO1>centraljoinery</INFO1>
			<INFO2></INFO2>
			<INFO3>4 Cavendish Drive</INFO3>
			<INFO4>2104</INFO4>
			<INFO5>Manukau</INFO5>
			<INFO6>New Zealand</INFO6>
			<INFO7>KNR08/16</INFO7>
			<INFO8>09-250 2130</INFO8>
			<INFO9></INFO9>
			<INFO10>centraljoinery</INFO10>

			<ADDRESS1></ADDRESS1>
			<ADDRESS2></ADDRESS2>
			<ADDRESS3></ADDRESS3>
			<ADDRESS4></ADDRESS4>
			<ADDRESS5></ADDRESS5>
			<ADDRESS6></ADDRESS6>

			<BILLING_ADDRESS1></BILLING_ADDRESS1>
			<BILLING_ADDRESS2></BILLING_ADDRESS2>
			<BILLING_ADDRESS3></BILLING_ADDRESS3>
			<BILLING_ADDRESS4></BILLING_ADDRESS4>
			<BILLING_ADDRESS5></BILLING_ADDRESS5>
			<BILLING_ADDRESS6></BILLING_ADDRESS6>

			<SHIPPING_ADDRESS1></SHIPPING_ADDRESS1>
			<SHIPPING_ADDRESS2></SHIPPING_ADDRESS2>
			<SHIPPING_ADDRESS3></SHIPPING_ADDRESS3>
			<SHIPPING_ADDRESS4></SHIPPING_ADDRESS4>
			<SHIPPING_ADDRESS5></SHIPPING_ADDRESS5>
			<SHIPPING_ADDRESS6></SHIPPING_ADDRESS6>

			<ORDER_PRICE_INFO1>149.95</ORDER_PRICE_INFO1>
			<ORDER_PRICE_INFO2></ORDER_PRICE_INFO2>
			<ORDER_PRICE_INFO3></ORDER_PRICE_INFO3>
			<ORDER_PRICE_INFO4></ORDER_PRICE_INFO4>
			<ORDER_PRICE_INFO5></ORDER_PRICE_INFO5>

			<CUSTOM_INFO1>centraljoinery</CUSTOM_INFO1>
			<CUSTOM_INFO2></CUSTOM_INFO2>
			<CUSTOM_INFO3>4 Cavendish Drive</CUSTOM_INFO3>
			<CUSTOM_INFO4>2104</CUSTOM_INFO4>
			<CUSTOM_INFO5>Manukau</CUSTOM_INFO5>
			<CUSTOM_INFO6>KNR08/16</CUSTOM_INFO6>
			<CUSTOM_INFO7></CUSTOM_INFO7>
			<CUSTOM_INFO8></CUSTOM_INFO8>
			<CUSTOM_INFO9></CUSTOM_INFO9>
			<CUSTOM_INFO10></CUSTOM_INFO10>

		</Head>
		<BuilderList>
			
				<!--  -->
				
					<!--Set LineNo="1 - 1 - 1"-->
					<Set LineNo="1">
						<Pname>BC_DD</Pname>
						<Count>1</Count>
						<PVarString>ART_BUILDFLAGS:=15238|___MODEL_NAME:=BC_DD|ART_NAME:=BC_DD|QUICK_WIDTH_SELECTION:=600|ART_SIZEX:=600|ART_SIZEY:=560|ART_SIZEZ:=900|AS_AMOUNT:=1:1|MAT_D:=BLISS_SHITAKE_18|PRF_D:=BLISS_SHITAKE_PVC_2mm|MAT_BT:=ALLUVIAL_STONE_30|HANDLE_TYPE:=Handle_0115169|HANDLE_ROTATION:=0|HP_BU_HOR:=40|HP_BU_VER:=60|BENCHTOP_SWITCH:=BT_YES|GAP_TOP:=4|GAP_BOT:=0|GAP_RI:=1|GAP_LE:=1</PVarString>
						<ARTICLE_TEXT_INFO1>BC_DD</ARTICLE_TEXT_INFO1>
						<ARTICLE_TEXT_INFO2>Width:  600 mm, Depth:  560 mm, Height:  900 mm</ARTICLE_TEXT_INFO2>
						<ARTICLE_TEXT_INFO3></ARTICLE_TEXT_INFO3>
						<ARTICLE_TEXT_INFO4></ARTICLE_TEXT_INFO4>
						<ARTICLE_PRICE_INFO1>84.21</ARTICLE_PRICE_INFO1>
						<ARTICLE_PRICE_INFO2>84.21</ARTICLE_PRICE_INFO2>
						<ARTICLE_PRICE_INFO3></ARTICLE_PRICE_INFO3>
						<PInsertion>0,0,0</PInsertion>
						<POrntation></POrntation>
						<!--
						<ArticleNumber></ArticleNumber>
						-->
					</Set>
					<!--  -->
					
			
				<!--  -->
				
					<!--Set LineNo="2 - 2 - 2"-->
					<Set LineNo="2">
						<Pname>BC_DISHDRAWER</Pname>
						<Count>1</Count>
						<PVarString>ART_BUILDFLAGS:=15238|___MODEL_NAME:=BC_DISHDRAWER|ART_NAME:=BC_DISHDRAWER|ART_SIZEX:=900|ART_SIZEY:=560|ART_SIZEZ:=900|DISHDRAWER_TYPE:=DDW|DISHDRAWER_SELECTION_STANDARD:=DD60SCX7|DISHDRAWER_SELECTION_WIDE:=DD90SDFTM2|DISHDRAWER_SELECTION_TALL:=DD60SCTX7|DISHDRAWER_SELECTION_DOUBLE:=DD60DDFX7|DD_SUBART_SELECTION:=DD90SDFTM2|MAT_D:=BLISS_SHITAKE_18|PRF_D:=BLISS_SHITAKE_PVC_2mm|MAT_BT:=ALLUVIAL_STONE_30|BENCHTOP_SWITCH:=BT_YES|GAP_TOP:=4|GAP_BOT:=0|GAP_RI:=1|GAP_LE:=1</PVarString>
						<ARTICLE_TEXT_INFO1>BC_DISHDRAWER</ARTICLE_TEXT_INFO1>
						<ARTICLE_TEXT_INFO2>Width:  900 mm, Depth:  560 mm, Height:  900 mm</ARTICLE_TEXT_INFO2>
						<ARTICLE_TEXT_INFO3></ARTICLE_TEXT_INFO3>
						<ARTICLE_TEXT_INFO4></ARTICLE_TEXT_INFO4>
						<ARTICLE_PRICE_INFO1>65.74</ARTICLE_PRICE_INFO1>
						<ARTICLE_PRICE_INFO2>65.74</ARTICLE_PRICE_INFO2>
						<ARTICLE_PRICE_INFO3></ARTICLE_PRICE_INFO3>
						<PInsertion>0,0,0</PInsertion>
						<POrntation></POrntation>
						<!--
						<ArticleNumber></ArticleNumber>
						-->
					</Set>
					<!--  -->
					
			
		</BuilderList>
	</Order>
</XML>