<?xml version="1.0" encoding="UTF-8" ?>
<XML Type="ListBuilder">
	
	<Order No="2012000420" DispDate="26.06.2012" Basket="420">
		<Head>
			<COMM>cj_user 25.06.2012 23:56:59</COMM>
			<ARTICLENO>2012000420</ARTICLENO>
			<CUSTOMER></CUSTOMER>
			<RETAILER></RETAILER>
			<CLIENT></CLIENT>
			<PROGRAM></PROGRAM>
			<EMPLOYEE></EMPLOYEE>
			<TEXT_LONG></TEXT_LONG>
			<TEXT_SHORT></TEXT_SHORT>

			

			<COLOUR1></COLOUR1>
			<COLOUR2></COLOUR2>
			<COLOUR3></COLOUR3>
			<COLOUR4></COLOUR4>
			<COLOUR5></COLOUR5>

			<INFO1>cj_user</INFO1>
			<INFO2></INFO2>
			<INFO3></INFO3>
			<INFO4></INFO4>
			<INFO5></INFO5>
			<INFO6></INFO6>
			<INFO7></INFO7>
			<INFO8></INFO8>
			<INFO9></INFO9>
			<INFO10>cj_user</INFO10>

			<ADDRESS1></ADDRESS1>
			<ADDRESS2></ADDRESS2>
			<ADDRESS3></ADDRESS3>
			<ADDRESS4></ADDRESS4>
			<ADDRESS5></ADDRESS5>
			<ADDRESS6></ADDRESS6>

			<BILLING_ADDRESS1></BILLING_ADDRESS1>
			<BILLING_ADDRESS2></BILLING_ADDRESS2>
			<BILLING_ADDRESS3></BILLING_ADDRESS3>
			<BILLING_ADDRESS4></BILLING_ADDRESS4>
			<BILLING_ADDRESS5></BILLING_ADDRESS5>
			<BILLING_ADDRESS6></BILLING_ADDRESS6>

			<SHIPPING_ADDRESS1></SHIPPING_ADDRESS1>
			<SHIPPING_ADDRESS2></SHIPPING_ADDRESS2>
			<SHIPPING_ADDRESS3></SHIPPING_ADDRESS3>
			<SHIPPING_ADDRESS4></SHIPPING_ADDRESS4>
			<SHIPPING_ADDRESS5></SHIPPING_ADDRESS5>
			<SHIPPING_ADDRESS6></SHIPPING_ADDRESS6>

			<ORDER_PRICE_INFO1>269.83</ORDER_PRICE_INFO1>
			<ORDER_PRICE_INFO2></ORDER_PRICE_INFO2>
			<ORDER_PRICE_INFO3></ORDER_PRICE_INFO3>
			<ORDER_PRICE_INFO4></ORDER_PRICE_INFO4>
			<ORDER_PRICE_INFO5></ORDER_PRICE_INFO5>

			<CUSTOM_INFO1>cj_user</CUSTOM_INFO1>
			<CUSTOM_INFO2></CUSTOM_INFO2>
			<CUSTOM_INFO3></CUSTOM_INFO3>
			<CUSTOM_INFO4></CUSTOM_INFO4>
			<CUSTOM_INFO5></CUSTOM_INFO5>
			<CUSTOM_INFO6></CUSTOM_INFO6>
			<CUSTOM_INFO7></CUSTOM_INFO7>
			<CUSTOM_INFO8></CUSTOM_INFO8>
			<CUSTOM_INFO9></CUSTOM_INFO9>
			<CUSTOM_INFO10></CUSTOM_INFO10>

		</Head>
		<BuilderList>
			
				<!--  -->
				
					<!--Set LineNo="1 - 1 - 1"-->
					<Set LineNo="1">
						<Pname>TC_DD</Pname>
						<Count>1</Count>
						<PVarString>ART_BUILDFLAGS:=15238|___MODEL_NAME:=TC_DD|ART_NAME:=TC_DD|ART_SIZEX:=600|ART_SIZEY:=580|ART_SIZEZ:=2100|AS_AMOUNT:=1:1:1:1|TC_AS_TYPE:=AS_1000_SS_3x64mm|MAT_D:=BLISS_SHITAKE_18|PRF_D:=BLISS_SHITAKE_PVC_2mm|MAT_BT:=ALLUVIAL_STONE_30|HANDLE_TYPE:=Handle_0115169|HANDLE_ROTATION:=0|HP_BU_HOR:=40|HP_BU_VER:=60|GAP_TOP:=2|GAP_BOT:=0|GAP_RI:=1|GAP_LE:=1</PVarString>
						<ARTICLE_TEXT_INFO1>TC_DD</ARTICLE_TEXT_INFO1>
						<ARTICLE_TEXT_INFO2>Width:  600 mm, Depth:  580 mm, Height:  2100 mm</ARTICLE_TEXT_INFO2>
						<ARTICLE_TEXT_INFO3></ARTICLE_TEXT_INFO3>
						<ARTICLE_TEXT_INFO4></ARTICLE_TEXT_INFO4>
						<ARTICLE_PRICE_INFO1>176.27</ARTICLE_PRICE_INFO1>
						<ARTICLE_PRICE_INFO2>176.27</ARTICLE_PRICE_INFO2>
						<ARTICLE_PRICE_INFO3></ARTICLE_PRICE_INFO3>
						<PInsertion>0,0,0</PInsertion>
						<POrntation></POrntation>
						<!--
						<ArticleNumber></ArticleNumber>
						-->
					</Set>
					<!--  -->
					
			
				<!--  -->
				
					<!--Set LineNo="2 - 2 - 2"-->
					<Set LineNo="2">
						<Pname>TP1DP</Pname>
						<Count>1</Count>
						<PVarString>ART_BUILDFLAGS:=15238|___MODEL_NAME:=TP1DP|ART_NAME:=TP1DP|ART_SIZEX:=300|ART_SIZEY:=580|ART_SIZEZ:=2100|MAT_D:=BLISS_SHITAKE_18|PRF_D:=BLISS_SHITAKE_PVC_2mm|MAT_BT:=ALLUVIAL_STONE_30|HANDLE_TYPE:=Handle_0115169|HANDLE_ROTATION:=0|HP_BU_HOR:=40|HP_BU_VER:=60|GAP_TOP:=2|GAP_BOT:=0|GAP_RI:=1|GAP_LE:=1</PVarString>
						<ARTICLE_TEXT_INFO1>TP1DP</ARTICLE_TEXT_INFO1>
						<ARTICLE_TEXT_INFO2>Width:  300 mm, Depth:  580 mm, Height:  2100 mm</ARTICLE_TEXT_INFO2>
						<ARTICLE_TEXT_INFO3></ARTICLE_TEXT_INFO3>
						<ARTICLE_TEXT_INFO4></ARTICLE_TEXT_INFO4>
						<ARTICLE_PRICE_INFO1>93.56</ARTICLE_PRICE_INFO1>
						<ARTICLE_PRICE_INFO2>93.56</ARTICLE_PRICE_INFO2>
						<ARTICLE_PRICE_INFO3></ARTICLE_PRICE_INFO3>
						<PInsertion>0,0,0</PInsertion>
						<POrntation></POrntation>
						<!--
						<ArticleNumber></ArticleNumber>
						-->
					</Set>
					<!--  -->
					
			
		</BuilderList>
	</Order>
</XML>