<?xml version="1.0" encoding="UTF-8" ?>
<XML Type="ListBuilder">
	
	<Order No="2012000428" DispDate="02.07.2012" Basket="428">
		<Head>
			<COMM>TanaUmaga 02.07.2012 02:07:24</COMM>
			<ARTICLENO>2012000428</ARTICLENO>
			<CUSTOMER></CUSTOMER>
			<RETAILER></RETAILER>
			<CLIENT></CLIENT>
			<PROGRAM></PROGRAM>
			<EMPLOYEE></EMPLOYEE>
			<TEXT_LONG></TEXT_LONG>
			<TEXT_SHORT></TEXT_SHORT>

			

			<COLOUR1></COLOUR1>
			<COLOUR2></COLOUR2>
			<COLOUR3></COLOUR3>
			<COLOUR4></COLOUR4>
			<COLOUR5></COLOUR5>

			<INFO1>TanaUmaga</INFO1>
			<INFO2></INFO2>
			<INFO3></INFO3>
			<INFO4></INFO4>
			<INFO5></INFO5>
			<INFO6></INFO6>
			<INFO7></INFO7>
			<INFO8></INFO8>
			<INFO9></INFO9>
			<INFO10>TanaUmaga</INFO10>

			<ADDRESS1></ADDRESS1>
			<ADDRESS2></ADDRESS2>
			<ADDRESS3></ADDRESS3>
			<ADDRESS4></ADDRESS4>
			<ADDRESS5></ADDRESS5>
			<ADDRESS6></ADDRESS6>

			<BILLING_ADDRESS1></BILLING_ADDRESS1>
			<BILLING_ADDRESS2></BILLING_ADDRESS2>
			<BILLING_ADDRESS3></BILLING_ADDRESS3>
			<BILLING_ADDRESS4></BILLING_ADDRESS4>
			<BILLING_ADDRESS5></BILLING_ADDRESS5>
			<BILLING_ADDRESS6></BILLING_ADDRESS6>

			<SHIPPING_ADDRESS1></SHIPPING_ADDRESS1>
			<SHIPPING_ADDRESS2></SHIPPING_ADDRESS2>
			<SHIPPING_ADDRESS3></SHIPPING_ADDRESS3>
			<SHIPPING_ADDRESS4></SHIPPING_ADDRESS4>
			<SHIPPING_ADDRESS5></SHIPPING_ADDRESS5>
			<SHIPPING_ADDRESS6></SHIPPING_ADDRESS6>

			<ORDER_PRICE_INFO1>305.75</ORDER_PRICE_INFO1>
			<ORDER_PRICE_INFO2></ORDER_PRICE_INFO2>
			<ORDER_PRICE_INFO3></ORDER_PRICE_INFO3>
			<ORDER_PRICE_INFO4></ORDER_PRICE_INFO4>
			<ORDER_PRICE_INFO5></ORDER_PRICE_INFO5>

			<CUSTOM_INFO1>TanaUmaga</CUSTOM_INFO1>
			<CUSTOM_INFO2></CUSTOM_INFO2>
			<CUSTOM_INFO3></CUSTOM_INFO3>
			<CUSTOM_INFO4></CUSTOM_INFO4>
			<CUSTOM_INFO5></CUSTOM_INFO5>
			<CUSTOM_INFO6></CUSTOM_INFO6>
			<CUSTOM_INFO7></CUSTOM_INFO7>
			<CUSTOM_INFO8></CUSTOM_INFO8>
			<CUSTOM_INFO9></CUSTOM_INFO9>
			<CUSTOM_INFO10></CUSTOM_INFO10>

		</Head>
		<BuilderList>
			
				<!--  -->
				
					<!--Set LineNo="1 - 1 - 1"-->
					<Set LineNo="1">
						<Pname>BC_3DRW</Pname>
						<Count>1</Count>
						<PVarString>ART_BUILDFLAGS:=15238|___MODEL_NAME:=BC_3DRW|ART_NAME:=BC_3DRW|QUICK_WIDTH_SELECTION:=450|ART_SIZEX:=450|ART_SIZEY:=560|ART_SIZEZ:=900|3DRW_FRONT_LIN_DIV:=1+1mm:160mm+2mm:160mm+5mm|MAT_D:=BLISS_SHITAKE_18|PRF_D:=BLISS_SHITAKE_PVC_2mm|MAT_BT:=ALLUVIAL_STONE_30|HANDLE_TYPE:=Handle_0115169|HP_BU_VER:=60|DRAWER_TYPE:=HAEFELE_FUNKTION|BENCHTOP_SWITCH:=BT_YES|GAP_TOP:=4|GAP_BOT:=0|GAP_RI:=1|GAP_LE:=1</PVarString>
						<ARTICLE_TEXT_INFO1>BC_3DRW</ARTICLE_TEXT_INFO1>
						<ARTICLE_TEXT_INFO2>Width:  450 mm, Depth:  560 mm, Height:  900 mm</ARTICLE_TEXT_INFO2>
						<ARTICLE_TEXT_INFO3></ARTICLE_TEXT_INFO3>
						<ARTICLE_TEXT_INFO4></ARTICLE_TEXT_INFO4>
						<ARTICLE_PRICE_INFO1>99.65</ARTICLE_PRICE_INFO1>
						<ARTICLE_PRICE_INFO2>99.65</ARTICLE_PRICE_INFO2>
						<ARTICLE_PRICE_INFO3></ARTICLE_PRICE_INFO3>
						<PInsertion>0,0,0</PInsertion>
						<POrntation></POrntation>
						<!--
						<ArticleNumber></ArticleNumber>
						-->
					</Set>
					<!--  -->
					
			
				<!--  -->
				
					<!--Set LineNo="2 - 2 - 2"-->
					<Set LineNo="2">
						<Pname>BC_DD_SINK</Pname>
						<Count>1</Count>
						<PVarString>ART_BUILDFLAGS:=15238|___MODEL_NAME:=BC_DD_SINK|ART_NAME:=BC_DD_SINK|QUICK_WIDTH_SELECTION:=600|ART_SIZEX:=600|ART_SIZEY:=560|ART_SIZEZ:=900|SINK_SELECTION:=NO_SINK|MAT_D:=BLISS_SHITAKE_18|PRF_D:=BLISS_SHITAKE_PVC_2mm|MAT_BT:=ALLUVIAL_STONE_30|HANDLE_TYPE:=Handle_0115169|HANDLE_ROTATION:=0|HP_BU_HOR:=40|HP_BU_VER:=60|BENCHTOP_SWITCH:=BT_YES|GAP_TOP:=4|GAP_BOT:=0|GAP_RI:=1|GAP_LE:=1</PVarString>
						<ARTICLE_TEXT_INFO1>BC_DD_SINK</ARTICLE_TEXT_INFO1>
						<ARTICLE_TEXT_INFO2>Width:  600 mm, Depth:  560 mm, Height:  900 mm</ARTICLE_TEXT_INFO2>
						<ARTICLE_TEXT_INFO3></ARTICLE_TEXT_INFO3>
						<ARTICLE_TEXT_INFO4></ARTICLE_TEXT_INFO4>
						<ARTICLE_PRICE_INFO1>74.96</ARTICLE_PRICE_INFO1>
						<ARTICLE_PRICE_INFO2>74.96</ARTICLE_PRICE_INFO2>
						<ARTICLE_PRICE_INFO3></ARTICLE_PRICE_INFO3>
						<PInsertion>0,0,0</PInsertion>
						<POrntation></POrntation>
						<!--
						<ArticleNumber></ArticleNumber>
						-->
					</Set>
					<!--  -->
					
			
				<!--  -->
				
					<!--Set LineNo="3 - 3 - 3"-->
					<Set LineNo="3">
						<Pname>BC_KK_BIN</Pname>
						<Count>1</Count>
						<PVarString>ART_BUILDFLAGS:=15238|___MODEL_NAME:=BC_KK_BIN|ART_NAME:=BC_KK_BIN|ART_SIZEX:=375|ART_SIZEY:=560|ART_SIZEZ:=900|BIN_TYPE_SELECTION:=BIN_KK6D|KK_BIN_SWITCH:=KK_BIN_1DRW|KK_BIN_SWITCH_LIN_DIV:=340mm|MAT_D:=BLISS_SHITAKE_18|PRF_D:=BLISS_SHITAKE_PVC_2mm|MAT_BT:=ALLUVIAL_STONE_30|HANDLE_TYPE:=Handle_0115169|HANDLE_ROTATION:=0|HP_BU_HOR:=40|HP_BU_VER:=60|DRAWER_TYPE:=HAEFELE_FUNKTION|BENCHTOP_SWITCH:=BT_YES|GAP_TOP:=4|GAP_BOT:=0|GAP_RI:=1|GAP_LE:=1</PVarString>
						<ARTICLE_TEXT_INFO1>BC_KK_BIN</ARTICLE_TEXT_INFO1>
						<ARTICLE_TEXT_INFO2>Width:  375 mm, Depth:  560 mm, Height:  900 mm</ARTICLE_TEXT_INFO2>
						<ARTICLE_TEXT_INFO3></ARTICLE_TEXT_INFO3>
						<ARTICLE_TEXT_INFO4></ARTICLE_TEXT_INFO4>
						<ARTICLE_PRICE_INFO1>69.11</ARTICLE_PRICE_INFO1>
						<ARTICLE_PRICE_INFO2>69.11</ARTICLE_PRICE_INFO2>
						<ARTICLE_PRICE_INFO3></ARTICLE_PRICE_INFO3>
						<PInsertion>0,0,0</PInsertion>
						<POrntation></POrntation>
						<!--
						<ArticleNumber></ArticleNumber>
						-->
					</Set>
					<!--  -->
					
			
				<!--  -->
				
					<!--Set LineNo="4 - 4 - 4"-->
					<Set LineNo="4">
						<Pname>BC_SD</Pname>
						<Count>1</Count>
						<PVarString>ART_BUILDFLAGS:=15238|___MODEL_NAME:=BC_SD|ART_NAME:=BC_SD|QUICK_WIDTH_SELECTION:=450|ART_SIZEX:=450|ART_SIZEY:=560|ART_SIZEZ:=900|DOOR_DIRECTION:=SDO_1111_L_HT|AS_AMOUNT:=1:1|BASE_TOP_TYPE:=HR_1000_1000_CODO|MAT_D:=BLISS_SHITAKE_18|PRF_D:=BLISS_SHITAKE_PVC_2mm|MAT_BT:=ALLUVIAL_STONE_30|HANDLE_TYPE:=Handle_0115169|HANDLE_ROTATION:=0|HP_BU_HOR:=40|HP_BU_VER:=60|BENCHTOP_SWITCH:=BT_YES|GAP_TOP:=4|GAP_BOT:=0|GAP_RI:=1|GAP_LE:=1</PVarString>
						<ARTICLE_TEXT_INFO1>BC_SD</ARTICLE_TEXT_INFO1>
						<ARTICLE_TEXT_INFO2>Width:  450 mm, Depth:  560 mm, Height:  900 mm, Door direction:  SDO_1111_L_HT </ARTICLE_TEXT_INFO2>
						<ARTICLE_TEXT_INFO3></ARTICLE_TEXT_INFO3>
						<ARTICLE_TEXT_INFO4></ARTICLE_TEXT_INFO4>
						<ARTICLE_PRICE_INFO1>62.03</ARTICLE_PRICE_INFO1>
						<ARTICLE_PRICE_INFO2>62.03</ARTICLE_PRICE_INFO2>
						<ARTICLE_PRICE_INFO3></ARTICLE_PRICE_INFO3>
						<PInsertion>0,0,0</PInsertion>
						<POrntation></POrntation>
						<!--
						<ArticleNumber></ArticleNumber>
						-->
					</Set>
					<!--  -->
					
			
		</BuilderList>
	</Order>
</XML>