<?xml version="1.0" encoding="UTF-8" ?>
<XML Type="ListBuilder">
	<!-- asdfas -->
	
	<Order No="2012000460" DispDate="23.09.2012" Basket="460">
		<Head>
			<COMM>centraljoinery 23.09.2012 21:19:48</COMM>
			<ARTICLENO>2012000460</ARTICLENO>
			<CUSTOMER></CUSTOMER>
			<RETAILER></RETAILER>
			<CLIENT></CLIENT>
			<PROGRAM></PROGRAM>
			<EMPLOYEE></EMPLOYEE>
			<TEXT_LONG></TEXT_LONG>
			<TEXT_SHORT></TEXT_SHORT>

			

			<COLOUR1></COLOUR1>
			<COLOUR2></COLOUR2>
			<COLOUR3></COLOUR3>
			<COLOUR4></COLOUR4>
			<COLOUR5></COLOUR5>

			<INFO1>centraljoinery</INFO1>
			<INFO2></INFO2>
			<INFO3>4 Cavendish Drive</INFO3>
			<INFO4>2104</INFO4>
			<INFO5>Manukau</INFO5>
			<INFO6>New Zealand</INFO6>
			<INFO7>KNR08/16</INFO7>
			<INFO8>09-250 2130</INFO8>
			<INFO9></INFO9>
			<INFO10>centraljoinery</INFO10>

			<ADDRESS1></ADDRESS1>
			<ADDRESS2></ADDRESS2>
			<ADDRESS3></ADDRESS3>
			<ADDRESS4></ADDRESS4>
			<ADDRESS5></ADDRESS5>
			<ADDRESS6></ADDRESS6>

			<BILLING_ADDRESS1></BILLING_ADDRESS1>
			<BILLING_ADDRESS2></BILLING_ADDRESS2>
			<BILLING_ADDRESS3></BILLING_ADDRESS3>
			<BILLING_ADDRESS4></BILLING_ADDRESS4>
			<BILLING_ADDRESS5></BILLING_ADDRESS5>
			<BILLING_ADDRESS6></BILLING_ADDRESS6>

			<SHIPPING_ADDRESS1></SHIPPING_ADDRESS1>
			<SHIPPING_ADDRESS2></SHIPPING_ADDRESS2>
			<SHIPPING_ADDRESS3></SHIPPING_ADDRESS3>
			<SHIPPING_ADDRESS4></SHIPPING_ADDRESS4>
			<SHIPPING_ADDRESS5></SHIPPING_ADDRESS5>
			<SHIPPING_ADDRESS6></SHIPPING_ADDRESS6>

			<ORDER_PRICE_INFO1>1655.18</ORDER_PRICE_INFO1>
			<ORDER_PRICE_INFO2></ORDER_PRICE_INFO2>
			<ORDER_PRICE_INFO3></ORDER_PRICE_INFO3>
			<ORDER_PRICE_INFO4></ORDER_PRICE_INFO4>
			<ORDER_PRICE_INFO5></ORDER_PRICE_INFO5>

			<CUSTOM_INFO1>centraljoinery</CUSTOM_INFO1>
			<CUSTOM_INFO2></CUSTOM_INFO2>
			<CUSTOM_INFO3>4 Cavendish Drive</CUSTOM_INFO3>
			<CUSTOM_INFO4>2104</CUSTOM_INFO4>
			<CUSTOM_INFO5>Manukau</CUSTOM_INFO5>
			<CUSTOM_INFO6>KNR08/16</CUSTOM_INFO6>
			<CUSTOM_INFO7></CUSTOM_INFO7>
			<CUSTOM_INFO8></CUSTOM_INFO8>
			<CUSTOM_INFO9></CUSTOM_INFO9>
			<CUSTOM_INFO10></CUSTOM_INFO10>

		</Head>
		<BuilderList>
			
				<!--  -->
				
					<!--Set LineNo="1 - 1 - 1"-->
					<Set LineNo="1">
						<Pname>TEP</Pname>
						<Count>1</Count>
						<PVarString>ART_BUILDFLAGS:=15238|___MODEL_NAME:=TEP|ART_NAME:=TEP|ART_SIZEX:=18.4|ART_SIZEY_FAKE:=600|ART_SIZEY:=580|ART_SIZEZ:=2100|MAT_D:=BLISS_SHITAKE_18|PRF_D:=BLISS_SHITAKE_PVC_2mm|MAT_BT:=ALLUVIAL_STONE_30|___REFID:=87b3483d9e0c65d2fbf2c250ea33cb14|</PVarString>
						<ARTICLE_TEXT_INFO1>TEP</ARTICLE_TEXT_INFO1>
						<ARTICLE_TEXT_INFO2>Width:  18.4 mm, Depth:  580 mm, Height:  2100 mm</ARTICLE_TEXT_INFO2>
						<ARTICLE_TEXT_INFO3></ARTICLE_TEXT_INFO3>
						<ARTICLE_TEXT_INFO4></ARTICLE_TEXT_INFO4>
						<ARTICLE_PRICE_INFO1>59.43</ARTICLE_PRICE_INFO1>
						<ARTICLE_PRICE_INFO2>59.43</ARTICLE_PRICE_INFO2>
						<ARTICLE_PRICE_INFO3></ARTICLE_PRICE_INFO3>
						<PInsertion>4168.00,1564.00,0.00</PInsertion>
						<POrntation>0.00,0.00,0.00</POrntation>
						<!--
						<ArticleNumber></ArticleNumber>
						-->
							
					</Set>
					<!--  -->
					
			
				<!--  -->
				
					<!--Set LineNo="2 - 2 - 2"-->
					<Set LineNo="2">
						<Pname>WC_DD</Pname>
						<Count>1</Count>
						<PVarString>ART_BUILDFLAGS:=15238|___MODEL_NAME:=W2D|ART_NAME:=WC_DD|ART_SIZEX:=720|ART_SIZEY:=330|ART_SIZEZ:=500|PD_D_FR:=D_1111|WALL_UNIT_HANDLE_SWITCH:=NO|AS_AMOUNT:=1:1|MAT_D:=BLISS_SHITAKE_18|PRF_D:=BLISS_SHITAKE_PVC_2mm|HANDLE_TYPE:=HANDLE_EMPTY|HANDLE_ROTATION:=0|HP_BU_HOR:=40|HP_BU_VER:=60|___ARTICLE_POS_Z:=1500|GAP_TOP:=2|GAP_BOT:=-20|GAP_RI:=1|GAP_LE:=1|___REFID:=4869563e88b2ff5b1519e055a07b249e|</PVarString>
						<ARTICLE_TEXT_INFO1>WC_DD</ARTICLE_TEXT_INFO1>
						<ARTICLE_TEXT_INFO2>Width:  720 mm, Depth:  330 mm, Height:  500 mm</ARTICLE_TEXT_INFO2>
						<ARTICLE_TEXT_INFO3></ARTICLE_TEXT_INFO3>
						<ARTICLE_TEXT_INFO4></ARTICLE_TEXT_INFO4>
						<ARTICLE_PRICE_INFO1>70.67</ARTICLE_PRICE_INFO1>
						<ARTICLE_PRICE_INFO2>70.67</ARTICLE_PRICE_INFO2>
						<ARTICLE_PRICE_INFO3></ARTICLE_PRICE_INFO3>
						<PInsertion>3448.00,1314.00,1600.00</PInsertion>
						<POrntation>0.00,0.00,0.00</POrntation>
						<!--
						<ArticleNumber></ArticleNumber>
						-->
							
					</Set>
					<!--  -->
					
			
				<!--  -->
				
					<!--Set LineNo="3 - 3 - 3"-->
					<Set LineNo="3">
						<Pname>TEP</Pname>
						<Count>1</Count>
						<PVarString>ART_BUILDFLAGS:=15238|___MODEL_NAME:=TEP|ART_NAME:=TEP|ART_SIZEX:=18.4|ART_SIZEY_FAKE:=600|ART_SIZEY:=580|ART_SIZEZ:=2100|MAT_D:=BLISS_SHITAKE_18|PRF_D:=BLISS_SHITAKE_PVC_2mm|MAT_BT:=ALLUVIAL_STONE_30|___REFID:=2ada599913415c12ddbce928aa0ccf5a|</PVarString>
						<ARTICLE_TEXT_INFO1>TEP</ARTICLE_TEXT_INFO1>
						<ARTICLE_TEXT_INFO2>Width:  18.4 mm, Depth:  580 mm, Height:  2100 mm</ARTICLE_TEXT_INFO2>
						<ARTICLE_TEXT_INFO3></ARTICLE_TEXT_INFO3>
						<ARTICLE_TEXT_INFO4></ARTICLE_TEXT_INFO4>
						<ARTICLE_PRICE_INFO1>59.43</ARTICLE_PRICE_INFO1>
						<ARTICLE_PRICE_INFO2>59.43</ARTICLE_PRICE_INFO2>
						<ARTICLE_PRICE_INFO3></ARTICLE_PRICE_INFO3>
						<PInsertion>3430.00,1564.00,0.00</PInsertion>
						<POrntation>0.00,0.00,0.00</POrntation>
						<!--
						<ArticleNumber></ArticleNumber>
						-->
							
					</Set>
					<!--  -->
					
			
				<!--  -->
				
					<!--Set LineNo="4 - 4 - 4"-->
					<Set LineNo="4">
						<Pname>BC_3DRW</Pname>
						<Count>1</Count>
						<PVarString>ART_BUILDFLAGS:=15238|___MODEL_NAME:=B3DRW|ART_NAME:=BC_3DRW|QUICK_WIDTH_SELECTION:=900|ART_SIZEX:=900|ART_SIZEY:=560|ART_SIZEZ:=900|3DRW_FRONT_LIN_DIV:=1+1mm:160mm+2mm:160mm+5mm|MAT_D:=BLISS_SHITAKE_18|PRF_D:=BLISS_SHITAKE_PVC_2mm|MAT_BT:=ALLUVIAL_STONE_30|HANDLE_TYPE:=HANDLE_EMPTY|HP_BU_VER:=60|DRAWER_TYPE:=HAEFELE_FUNKTION|BENCHTOP_SWITCH:=BT_YES|GAP_TOP:=4|GAP_BOT:=0|GAP_RI:=1|GAP_LE:=1|___REFID:=2d43c295d78c2f2325a445b830c54a49|</PVarString>
						<ARTICLE_TEXT_INFO1>BC_3DRW</ARTICLE_TEXT_INFO1>
						<ARTICLE_TEXT_INFO2>Width:  900 mm, Depth:  560 mm, Height:  900 mm</ARTICLE_TEXT_INFO2>
						<ARTICLE_TEXT_INFO3></ARTICLE_TEXT_INFO3>
						<ARTICLE_TEXT_INFO4></ARTICLE_TEXT_INFO4>
						<ARTICLE_PRICE_INFO1>154.01</ARTICLE_PRICE_INFO1>
						<ARTICLE_PRICE_INFO2>154.01</ARTICLE_PRICE_INFO2>
						<ARTICLE_PRICE_INFO3></ARTICLE_PRICE_INFO3>
						<PInsertion>0,0,0</PInsertion>
						<POrntation></POrntation>
						<!--
						<ArticleNumber></ArticleNumber>
						-->
							
					</Set>
					<!--  -->
					
			
				<!--  -->
				
					<!--Set LineNo="5 - 5 - 5"-->
					<Set LineNo="5">
						<Pname>BC_3DRW</Pname>
						<Count>1</Count>
						<PVarString>ART_BUILDFLAGS:=15238|___MODEL_NAME:=B3DRW|ART_NAME:=BC_3DRW|QUICK_WIDTH_SELECTION:=900|ART_SIZEX:=900|ART_SIZEY:=560|ART_SIZEZ:=900|3DRW_FRONT_LIN_DIV:=1+1mm:1+2mm:1+5mm|MAT_D:=BLISS_SHITAKE_18|PRF_D:=BLISS_SHITAKE_PVC_2mm|MAT_BT:=ALLUVIAL_STONE_30|HANDLE_TYPE:=HANDLE_EMPTY|HP_BU_VER:=60|DRAWER_TYPE:=HAEFELE_FUNKTION|BENCHTOP_SWITCH:=BT_YES|GAP_TOP:=4|GAP_BOT:=0|GAP_RI:=1|GAP_LE:=1|___REFID:=7f4c4b734d5cc13c147a220996acf44e|</PVarString>
						<ARTICLE_TEXT_INFO1>BC_3DRW</ARTICLE_TEXT_INFO1>
						<ARTICLE_TEXT_INFO2>Width:  900 mm, Depth:  560 mm, Height:  900 mm</ARTICLE_TEXT_INFO2>
						<ARTICLE_TEXT_INFO3></ARTICLE_TEXT_INFO3>
						<ARTICLE_TEXT_INFO4></ARTICLE_TEXT_INFO4>
						<ARTICLE_PRICE_INFO1>154.01</ARTICLE_PRICE_INFO1>
						<ARTICLE_PRICE_INFO2>154.01</ARTICLE_PRICE_INFO2>
						<ARTICLE_PRICE_INFO3></ARTICLE_PRICE_INFO3>
						<PInsertion>2530.00,1564.00,0.00</PInsertion>
						<POrntation>0.00,0.00,0.00</POrntation>
						<!--
						<ArticleNumber></ArticleNumber>
						-->
							
					</Set>
					<!--  -->
					
			
				<!--  -->
				
					<!--Set LineNo="6 - 6 - 6"-->
					<Set LineNo="6">
						<Pname>BC_3DRW</Pname>
						<Count>1</Count>
						<PVarString>ART_BUILDFLAGS:=15238|___MODEL_NAME:=B3DRW|ART_NAME:=BC_3DRW|QUICK_WIDTH_SELECTION:=900|ART_SIZEX:=900|ART_SIZEY:=560|ART_SIZEZ:=900|3DRW_FRONT_LIN_DIV:=1+1mm:1+2mm:1+5mm|MAT_D:=BLISS_SHITAKE_18|PRF_D:=BLISS_SHITAKE_PVC_2mm|MAT_BT:=ALLUVIAL_STONE_30|HANDLE_TYPE:=HANDLE_EMPTY|HP_BU_VER:=60|DRAWER_TYPE:=HAEFELE_FUNKTION|BENCHTOP_SWITCH:=BT_YES|GAP_TOP:=4|GAP_BOT:=0|GAP_RI:=1|GAP_LE:=1|___REFID:=eeb0ab5c42ed4a188bfc297712ac9fbf|</PVarString>
						<ARTICLE_TEXT_INFO1>BC_3DRW</ARTICLE_TEXT_INFO1>
						<ARTICLE_TEXT_INFO2>Width:  900 mm, Depth:  560 mm, Height:  900 mm</ARTICLE_TEXT_INFO2>
						<ARTICLE_TEXT_INFO3></ARTICLE_TEXT_INFO3>
						<ARTICLE_TEXT_INFO4></ARTICLE_TEXT_INFO4>
						<ARTICLE_PRICE_INFO1>154.01</ARTICLE_PRICE_INFO1>
						<ARTICLE_PRICE_INFO2>154.01</ARTICLE_PRICE_INFO2>
						<ARTICLE_PRICE_INFO3></ARTICLE_PRICE_INFO3>
						<PInsertion>1630.00,1564.00,0.00</PInsertion>
						<POrntation>0.00,0.00,0.00</POrntation>
						<!--
						<ArticleNumber></ArticleNumber>
						-->
							
					</Set>
					<!--  -->
					
			
				<!--  -->
				
					<!--Set LineNo="7 - 7 - 7"-->
					<Set LineNo="7">
						<Pname>TEP</Pname>
						<Count>1</Count>
						<PVarString>ART_BUILDFLAGS:=15238|___MODEL_NAME:=TEP|ART_NAME:=TEP|ART_SIZEX:=18.4|ART_SIZEY_FAKE:=600|ART_SIZEY:=580|ART_SIZEZ:=2100|MAT_D:=BLISS_SHITAKE_18|PRF_D:=BLISS_SHITAKE_PVC_2mm|MAT_BT:=ALLUVIAL_STONE_30|___REFID:=0af36c5847e7fcfb1cc11a9e001b5486|</PVarString>
						<ARTICLE_TEXT_INFO1>TEP</ARTICLE_TEXT_INFO1>
						<ARTICLE_TEXT_INFO2>Width:  18.4 mm, Depth:  580 mm, Height:  2100 mm</ARTICLE_TEXT_INFO2>
						<ARTICLE_TEXT_INFO3></ARTICLE_TEXT_INFO3>
						<ARTICLE_TEXT_INFO4></ARTICLE_TEXT_INFO4>
						<ARTICLE_PRICE_INFO1>59.43</ARTICLE_PRICE_INFO1>
						<ARTICLE_PRICE_INFO2>59.43</ARTICLE_PRICE_INFO2>
						<ARTICLE_PRICE_INFO3></ARTICLE_PRICE_INFO3>
						<PInsertion>1611.00,1564.00,0.00</PInsertion>
						<POrntation>0.00,0.00,0.00</POrntation>
						<!--
						<ArticleNumber></ArticleNumber>
						-->
							
					</Set>
					<!--  -->
					
			
				<!--  -->
				
					<!--Set LineNo="8 - 8 - 8"-->
					<Set LineNo="8">
						<Pname>WC_DD</Pname>
						<Count>1</Count>
						<PVarString>ART_BUILDFLAGS:=15238|___MODEL_NAME:=W2D|ART_NAME:=WC_DD|ART_SIZEX:=720|ART_SIZEY:=330|ART_SIZEZ:=500|PD_D_FR:=D_1111|WALL_UNIT_HANDLE_SWITCH:=NO|AS_AMOUNT:=1:1|MAT_D:=BLISS_SHITAKE_18|PRF_D:=BLISS_SHITAKE_PVC_2mm|HANDLE_TYPE:=HANDLE_EMPTY|HANDLE_ROTATION:=0|HP_BU_HOR:=40|HP_BU_VER:=60|___ARTICLE_POS_Z:=1500|GAP_TOP:=2|GAP_BOT:=-20|GAP_RI:=1|GAP_LE:=1|___REFID:=1415021b57bc6c5d3bc05a82a891c5db|</PVarString>
						<ARTICLE_TEXT_INFO1>WC_DD</ARTICLE_TEXT_INFO1>
						<ARTICLE_TEXT_INFO2>Width:  720 mm, Depth:  330 mm, Height:  500 mm</ARTICLE_TEXT_INFO2>
						<ARTICLE_TEXT_INFO3></ARTICLE_TEXT_INFO3>
						<ARTICLE_TEXT_INFO4></ARTICLE_TEXT_INFO4>
						<ARTICLE_PRICE_INFO1>70.67</ARTICLE_PRICE_INFO1>
						<ARTICLE_PRICE_INFO2>70.67</ARTICLE_PRICE_INFO2>
						<ARTICLE_PRICE_INFO3></ARTICLE_PRICE_INFO3>
						<PInsertion>891.00,1314.00,1600.00</PInsertion>
						<POrntation>0.00,0.00,0.00</POrntation>
						<!--
						<ArticleNumber></ArticleNumber>
						-->
							
					</Set>
					<!--  -->
					
			
				<!--  -->
				
					<!--Set LineNo="9 - 9 - 9"-->
					<Set LineNo="9">
						<Pname>TEP</Pname>
						<Count>1</Count>
						<PVarString>ART_BUILDFLAGS:=15238|___MODEL_NAME:=TEP|ART_NAME:=TEP|ART_SIZEX:=18.4|ART_SIZEY_FAKE:=600|ART_SIZEY:=580|ART_SIZEZ:=2100|MAT_D:=BLISS_SHITAKE_18|PRF_D:=BLISS_SHITAKE_PVC_2mm|MAT_BT:=ALLUVIAL_STONE_30|___REFID:=3f6703301671175472281e5d4e4adad9|</PVarString>
						<ARTICLE_TEXT_INFO1>TEP</ARTICLE_TEXT_INFO1>
						<ARTICLE_TEXT_INFO2>Width:  18.4 mm, Depth:  580 mm, Height:  2100 mm</ARTICLE_TEXT_INFO2>
						<ARTICLE_TEXT_INFO3></ARTICLE_TEXT_INFO3>
						<ARTICLE_TEXT_INFO4></ARTICLE_TEXT_INFO4>
						<ARTICLE_PRICE_INFO1>59.43</ARTICLE_PRICE_INFO1>
						<ARTICLE_PRICE_INFO2>59.43</ARTICLE_PRICE_INFO2>
						<ARTICLE_PRICE_INFO3></ARTICLE_PRICE_INFO3>
						<PInsertion>873.00,1564.00,0.00</PInsertion>
						<POrntation>0.00,0.00,0.00</POrntation>
						<!--
						<ArticleNumber></ArticleNumber>
						-->
							
					</Set>
					<!--  -->
					
			
				<!--  -->
				
					<!--Set LineNo="10 - 10 - 10"-->
					<Set LineNo="10">
						<Pname>BC_4DRW</Pname>
						<Count>1</Count>
						<PVarString>ART_BUILDFLAGS:=15238|___MODEL_NAME:=B4DRW|ART_NAME:=BC_4DRW|QUICK_WIDTH_SELECTION:=900|ART_SIZEX:=900|ART_SIZEY:=560|ART_SIZEZ:=900|4DRW_FRONT_LIN_DIV:=1+1mm:1+2mm:1+2mm:160mm+5mm|MAT_D:=BLISS_SHITAKE_18|PRF_D:=BLISS_SHITAKE_PVC_2mm|MAT_BT:=ALLUVIAL_STONE_30|HANDLE_TYPE:=HANDLE_EMPTY|HP_BU_VER:=60|DRAWER_TYPE:=HAEFELE_FUNKTION|BENCHTOP_SWITCH:=BT_YES|GAP_TOP:=4|GAP_BOT:=0|GAP_RI:=1|GAP_LE:=1|___REFID:=5664a43446f843a0d2993e5f816edfa4|</PVarString>
						<ARTICLE_TEXT_INFO1>BC_4DRW</ARTICLE_TEXT_INFO1>
						<ARTICLE_TEXT_INFO2>Width:  900 mm, Depth:  560 mm, Height:  900 mm</ARTICLE_TEXT_INFO2>
						<ARTICLE_TEXT_INFO3></ARTICLE_TEXT_INFO3>
						<ARTICLE_TEXT_INFO4></ARTICLE_TEXT_INFO4>
						<ARTICLE_PRICE_INFO1>154.66</ARTICLE_PRICE_INFO1>
						<ARTICLE_PRICE_INFO2>154.66</ARTICLE_PRICE_INFO2>
						<ARTICLE_PRICE_INFO3></ARTICLE_PRICE_INFO3>
						<PInsertion>-243.00,1564.00,0.00</PInsertion>
						<POrntation>0.00,0.00,0.00</POrntation>
						<!--
						<ArticleNumber></ArticleNumber>
						-->
							
					</Set>
					<!--  -->
					
			
				<!--  -->
				
					<!--Set LineNo="11 - 11 - 11"-->
					<Set LineNo="11">
						<Pname>BC_KK_BIN</Pname>
						<Count>1</Count>
						<PVarString>ART_BUILDFLAGS:=15238|___MODEL_NAME:=BKK6|ART_NAME:=BC_KK_BIN|ART_SIZEX:=375|ART_SIZEY:=560|ART_SIZEZ:=900|BIN_TYPE_SELECTION:=BIN_KK6D|KK_BIN_SWITCH:=KK_BIN_1DRW|KK_BIN_SWITCH_LIN_DIV:=340mm|MAT_D:=BLISS_SHITAKE_18|PRF_D:=BLISS_SHITAKE_PVC_2mm|MAT_BT:=ALLUVIAL_STONE_30|HANDLE_TYPE:=HANDLE_EMPTY|HANDLE_ROTATION:=0|HP_BU_HOR:=40|HP_BU_VER:=60|DRAWER_TYPE:=HAEFELE_FUNKTION|BENCHTOP_SWITCH:=BT_YES|GAP_TOP:=4|GAP_BOT:=0|GAP_RI:=1|GAP_LE:=1|___REFID:=7cb83b3d1e33fa35d77361c8eb297b17|</PVarString>
						<ARTICLE_TEXT_INFO1>BC_KK_BIN</ARTICLE_TEXT_INFO1>
						<ARTICLE_TEXT_INFO2>Width:  375 mm, Depth:  560 mm, Height:  900 mm</ARTICLE_TEXT_INFO2>
						<ARTICLE_TEXT_INFO3></ARTICLE_TEXT_INFO3>
						<ARTICLE_TEXT_INFO4></ARTICLE_TEXT_INFO4>
						<ARTICLE_PRICE_INFO1>68.76</ARTICLE_PRICE_INFO1>
						<ARTICLE_PRICE_INFO2>68.76</ARTICLE_PRICE_INFO2>
						<ARTICLE_PRICE_INFO3></ARTICLE_PRICE_INFO3>
						<PInsertion>-618.00,1564.00,0.00</PInsertion>
						<POrntation>0.00,0.00,0.00</POrntation>
						<!--
						<ArticleNumber></ArticleNumber>
						-->
							
					</Set>
					<!--  -->
					
			
				<!--  -->
				
					<!--Set LineNo="12 - 12 - 12"-->
					<Set LineNo="12">
						<Pname>BC_DD_SINK</Pname>
						<Count>1</Count>
						<PVarString>ART_BUILDFLAGS:=15238|___MODEL_NAME:=B2D_S|ART_NAME:=BC_DD_SINK|QUICK_WIDTH_SELECTION:=800|ART_SIZEX:=800|ART_SIZEY:=560|ART_SIZEZ:=900|SINK_SELECTION:=NO_SINK|MAT_D:=BLISS_SHITAKE_18|PRF_D:=BLISS_SHITAKE_PVC_2mm|MAT_BT:=ALLUVIAL_STONE_30|HANDLE_TYPE:=HANDLE_EMPTY|HANDLE_ROTATION:=0|HP_BU_HOR:=40|HP_BU_VER:=60|BENCHTOP_SWITCH:=BT_YES|GAP_TOP:=4|GAP_BOT:=0|GAP_RI:=1|GAP_LE:=1|___REFID:=9afbd82eb36881be35241c47cbb8e7a0|</PVarString>
						<ARTICLE_TEXT_INFO1>BC_DD_SINK</ARTICLE_TEXT_INFO1>
						<ARTICLE_TEXT_INFO2>Width:  800 mm, Depth:  560 mm, Height:  900 mm</ARTICLE_TEXT_INFO2>
						<ARTICLE_TEXT_INFO3></ARTICLE_TEXT_INFO3>
						<ARTICLE_TEXT_INFO4></ARTICLE_TEXT_INFO4>
						<ARTICLE_PRICE_INFO1>89.29</ARTICLE_PRICE_INFO1>
						<ARTICLE_PRICE_INFO2>89.29</ARTICLE_PRICE_INFO2>
						<ARTICLE_PRICE_INFO3></ARTICLE_PRICE_INFO3>
						<PInsertion>-1418.00,1564.00,0.00</PInsertion>
						<POrntation>0.00,0.00,0.00</POrntation>
						<!--
						<ArticleNumber></ArticleNumber>
						-->
							
					</Set>
					<!--  -->
					
			
				<!--  -->
				
					<!--Set LineNo="13 - 13 - 13"-->
					<Set LineNo="13">
						<Pname>BC_DISHDRAWER</Pname>
						<Count>1</Count>
						<PVarString>ART_BUILDFLAGS:=15238|___MODEL_NAME:=BC_DISHDRAWER|ART_NAME:=BC_DISHDRAWER|ART_SIZEX:=600|ART_SIZEY:=560|ART_SIZEZ:=900|DISHDRAWER_TYPE:=NO_DD|DISHDRAWER_SELECTION_STANDARD:=DD60SCX7|DISHDRAWER_SELECTION_WIDE:=DD90SDFTX2|DISHDRAWER_SELECTION_TALL:=DD60SCTX7|DISHDRAWER_SELECTION_DOUBLE:=DD60DDFX7|DD_SUBART_SELECTION:=DD60SCX7|MAT_D:=BLISS_SHITAKE_18|PRF_D:=BLISS_SHITAKE_PVC_2mm|MAT_BT:=ALLUVIAL_STONE_30|BENCHTOP_SWITCH:=BT_YES|GAP_TOP:=4|GAP_BOT:=0|GAP_RI:=1|GAP_LE:=1|___REFID:=c56395b072b00659f5d8f3ac51b0546b|</PVarString>
						<ARTICLE_TEXT_INFO1>BC_DISHDRAWER</ARTICLE_TEXT_INFO1>
						<ARTICLE_TEXT_INFO2>Width:  600 mm, Depth:  560 mm, Height:  900 mm</ARTICLE_TEXT_INFO2>
						<ARTICLE_TEXT_INFO3></ARTICLE_TEXT_INFO3>
						<ARTICLE_TEXT_INFO4></ARTICLE_TEXT_INFO4>
						<ARTICLE_PRICE_INFO1>50.51</ARTICLE_PRICE_INFO1>
						<ARTICLE_PRICE_INFO2>50.51</ARTICLE_PRICE_INFO2>
						<ARTICLE_PRICE_INFO3></ARTICLE_PRICE_INFO3>
						<PInsertion>-2018.00,1564.00,0.00</PInsertion>
						<POrntation>0.00,0.00,0.00</POrntation>
						<!--
						<ArticleNumber></ArticleNumber>
						-->
							
					</Set>
					<!--  -->
					
			
				<!--  -->
				
					<!--Set LineNo="14 - 14 - 14"-->
					<Set LineNo="14">
						<Pname>WC_DD</Pname>
						<Count>1</Count>
						<PVarString>ART_BUILDFLAGS:=15238|___MODEL_NAME:=W2D|ART_NAME:=WC_DD|ART_SIZEX:=765|ART_SIZEY:=330|ART_SIZEZ:=600|PD_D_FR:=D_1111|WALL_UNIT_HANDLE_SWITCH:=NO|AS_AMOUNT:=1:1|MAT_D:=BLISS_SHITAKE_18|PRF_D:=BLISS_SHITAKE_PVC_2mm|HANDLE_TYPE:=HANDLE_EMPTY|HANDLE_ROTATION:=0|HP_BU_HOR:=40|HP_BU_VER:=60|___ARTICLE_POS_Z:=1500|GAP_TOP:=2|GAP_BOT:=-20|GAP_RI:=1|GAP_LE:=1|___REFID:=2fab4d46bfcd78df8468c3e32f16ebcf|</PVarString>
						<ARTICLE_TEXT_INFO1>WC_DD</ARTICLE_TEXT_INFO1>
						<ARTICLE_TEXT_INFO2>Width:  765 mm, Depth:  330 mm, Height:  600 mm</ARTICLE_TEXT_INFO2>
						<ARTICLE_TEXT_INFO3></ARTICLE_TEXT_INFO3>
						<ARTICLE_TEXT_INFO4></ARTICLE_TEXT_INFO4>
						<ARTICLE_PRICE_INFO1>79.73</ARTICLE_PRICE_INFO1>
						<ARTICLE_PRICE_INFO2>79.73</ARTICLE_PRICE_INFO2>
						<ARTICLE_PRICE_INFO3></ARTICLE_PRICE_INFO3>
						<PInsertion>0,0,0</PInsertion>
						<POrntation></POrntation>
						<!--
						<ArticleNumber></ArticleNumber>
						-->
							
					</Set>
					<!--  -->
					
			
				<!--  -->
				
					<!--Set LineNo="15 - 15 - 15"-->
					<Set LineNo="15">
						<Pname>WC_DD</Pname>
						<Count>1</Count>
						<PVarString>ART_BUILDFLAGS:=15238|___MODEL_NAME:=W2D|ART_NAME:=WC_DD|ART_SIZEX:=765|ART_SIZEY:=330|ART_SIZEZ:=600|PD_D_FR:=D_1111|WALL_UNIT_HANDLE_SWITCH:=NO|AS_AMOUNT:=1:1|MAT_D:=BLISS_SHITAKE_18|PRF_D:=BLISS_SHITAKE_PVC_2mm|HANDLE_TYPE:=HANDLE_EMPTY|HANDLE_ROTATION:=0|HP_BU_HOR:=40|HP_BU_VER:=60|___ARTICLE_POS_Z:=1500|GAP_TOP:=2|GAP_BOT:=-20|GAP_RI:=1|GAP_LE:=1|___REFID:=5f5cedb986d4a14de644c4373cb35111|</PVarString>
						<ARTICLE_TEXT_INFO1>WC_DD</ARTICLE_TEXT_INFO1>
						<ARTICLE_TEXT_INFO2>Width:  765 mm, Depth:  330 mm, Height:  600 mm</ARTICLE_TEXT_INFO2>
						<ARTICLE_TEXT_INFO3></ARTICLE_TEXT_INFO3>
						<ARTICLE_TEXT_INFO4></ARTICLE_TEXT_INFO4>
						<ARTICLE_PRICE_INFO1>79.73</ARTICLE_PRICE_INFO1>
						<ARTICLE_PRICE_INFO2>79.73</ARTICLE_PRICE_INFO2>
						<ARTICLE_PRICE_INFO3></ARTICLE_PRICE_INFO3>
						<PInsertion>0,0,0</PInsertion>
						<POrntation></POrntation>
						<!--
						<ArticleNumber></ArticleNumber>
						-->
							
					</Set>
					<!--  -->
					
			
				<!--  -->
				
					<!--Set LineNo="16 - 16 - 16"-->
					<Set LineNo="16">
						<Pname>WC_DD</Pname>
						<Count>1</Count>
						<PVarString>ART_BUILDFLAGS:=15238|___MODEL_NAME:=W2D|ART_NAME:=WC_DD|ART_SIZEX:=765|ART_SIZEY:=330|ART_SIZEZ:=600|PD_D_FR:=D_1111|WALL_UNIT_HANDLE_SWITCH:=NO|AS_AMOUNT:=1:1|MAT_D:=BLISS_SHITAKE_18|PRF_D:=BLISS_SHITAKE_PVC_2mm|HANDLE_TYPE:=HANDLE_EMPTY|HANDLE_ROTATION:=0|HP_BU_HOR:=40|HP_BU_VER:=60|___ARTICLE_POS_Z:=1500|GAP_TOP:=2|GAP_BOT:=-20|GAP_RI:=1|GAP_LE:=1|___REFID:=027b966f8d29099ff9664c72637de26f|</PVarString>
						<ARTICLE_TEXT_INFO1>WC_DD</ARTICLE_TEXT_INFO1>
						<ARTICLE_TEXT_INFO2>Width:  765 mm, Depth:  330 mm, Height:  600 mm</ARTICLE_TEXT_INFO2>
						<ARTICLE_TEXT_INFO3></ARTICLE_TEXT_INFO3>
						<ARTICLE_TEXT_INFO4></ARTICLE_TEXT_INFO4>
						<ARTICLE_PRICE_INFO1>79.73</ARTICLE_PRICE_INFO1>
						<ARTICLE_PRICE_INFO2>79.73</ARTICLE_PRICE_INFO2>
						<ARTICLE_PRICE_INFO3></ARTICLE_PRICE_INFO3>
						<PInsertion>0,0,0</PInsertion>
						<POrntation></POrntation>
						<!--
						<ArticleNumber></ArticleNumber>
						-->
							
					</Set>
					<!--  -->
					
			
				<!--  -->
				
					<!--Set LineNo="17 - 17 - 17"-->
					<Set LineNo="17">
						<Pname>WC_SD</Pname>
						<Count>1</Count>
						<PVarString>ART_BUILDFLAGS:=15238|___MODEL_NAME:=W1D|ART_NAME:=WC_SD|ART_SIZEX:=380|ART_SIZEY:=330|ART_SIZEZ:=600|DOOR_DIRECTION:=SDO_1111_L_HB|PD_D_FR:=D_1111|WALL_UNIT_HANDLE_SWITCH:=NO|AS_AMOUNT:=1:1|MAT_D:=BLISS_SHITAKE_18|PRF_D:=BLISS_SHITAKE_PVC_2mm|HANDLE_TYPE:=HANDLE_EMPTY|HANDLE_ROTATION:=0|HP_BU_HOR:=40|HP_BU_VER:=60|___ARTICLE_POS_Z:=1500|GAP_TOP:=2|GAP_BOT:=-20|GAP_RI:=1|GAP_LE:=1|___REFID:=d2ed414ea64cd80841cdb281d0c1a8be|</PVarString>
						<ARTICLE_TEXT_INFO1>WC_SD</ARTICLE_TEXT_INFO1>
						<ARTICLE_TEXT_INFO2>Width:  380 mm, Depth:  330 mm, Height:  600 mm, Door direction: SDO_1111_L_HB </ARTICLE_TEXT_INFO2>
						<ARTICLE_TEXT_INFO3></ARTICLE_TEXT_INFO3>
						<ARTICLE_TEXT_INFO4></ARTICLE_TEXT_INFO4>
						<ARTICLE_PRICE_INFO1>49.46</ARTICLE_PRICE_INFO1>
						<ARTICLE_PRICE_INFO2>49.46</ARTICLE_PRICE_INFO2>
						<ARTICLE_PRICE_INFO3></ARTICLE_PRICE_INFO3>
						<PInsertion>0,0,0</PInsertion>
						<POrntation></POrntation>
						<!--
						<ArticleNumber></ArticleNumber>
						-->
							
					</Set>
					<!--  -->
					
			
				<!--  -->
				
					<!--Set LineNo="18 - 18 - 18"-->
					<Set LineNo="18">
						<Pname>WC_DD</Pname>
						<Count>1</Count>
						<PVarString>ART_BUILDFLAGS:=15238|___MODEL_NAME:=W2D|ART_NAME:=WC_DD|ART_SIZEX:=900|ART_SIZEY:=330|ART_SIZEZ:=500|PD_D_FR:=D_1111|WALL_UNIT_HANDLE_SWITCH:=NO|AS_AMOUNT:=1:1|MAT_D:=BLISS_SHITAKE_18|PRF_D:=BLISS_SHITAKE_PVC_2mm|HANDLE_TYPE:=HANDLE_EMPTY|HANDLE_ROTATION:=0|HP_BU_HOR:=40|HP_BU_VER:=60|___ARTICLE_POS_Z:=1500|GAP_TOP:=2|GAP_BOT:=-20|GAP_RI:=1|GAP_LE:=1|___REFID:=10902eacb61403d10e72ba1d9bc09d35|</PVarString>
						<ARTICLE_TEXT_INFO1>WC_DD</ARTICLE_TEXT_INFO1>
						<ARTICLE_TEXT_INFO2>Width:  900 mm, Depth:  330 mm, Height:  500 mm</ARTICLE_TEXT_INFO2>
						<ARTICLE_TEXT_INFO3></ARTICLE_TEXT_INFO3>
						<ARTICLE_TEXT_INFO4></ARTICLE_TEXT_INFO4>
						<ARTICLE_PRICE_INFO1>81.11</ARTICLE_PRICE_INFO1>
						<ARTICLE_PRICE_INFO2>81.11</ARTICLE_PRICE_INFO2>
						<ARTICLE_PRICE_INFO3></ARTICLE_PRICE_INFO3>
						<PInsertion>0,0,0</PInsertion>
						<POrntation></POrntation>
						<!--
						<ArticleNumber></ArticleNumber>
						-->
							
					</Set>
					<!--  -->
					
			
				<!--  -->
				
					<!--Set LineNo="19 - 19 - 19"-->
					<Set LineNo="19">
						<Pname>WC_DD</Pname>
						<Count>1</Count>
						<PVarString>ART_BUILDFLAGS:=15238|___MODEL_NAME:=W2D|ART_NAME:=WC_DD|ART_SIZEX:=900|ART_SIZEY:=330|ART_SIZEZ:=500|PD_D_FR:=D_1111|WALL_UNIT_HANDLE_SWITCH:=NO|AS_AMOUNT:=1:1|MAT_D:=BLISS_SHITAKE_18|PRF_D:=BLISS_SHITAKE_PVC_2mm|HANDLE_TYPE:=HANDLE_EMPTY|HANDLE_ROTATION:=0|HP_BU_HOR:=40|HP_BU_VER:=60|___ARTICLE_POS_Z:=1500|GAP_TOP:=2|GAP_BOT:=-20|GAP_RI:=1|GAP_LE:=1|___REFID:=1036f522ba85778bf632537479d03f00|</PVarString>
						<ARTICLE_TEXT_INFO1>WC_DD</ARTICLE_TEXT_INFO1>
						<ARTICLE_TEXT_INFO2>Width:  900 mm, Depth:  330 mm, Height:  500 mm</ARTICLE_TEXT_INFO2>
						<ARTICLE_TEXT_INFO3></ARTICLE_TEXT_INFO3>
						<ARTICLE_TEXT_INFO4></ARTICLE_TEXT_INFO4>
						<ARTICLE_PRICE_INFO1>81.11</ARTICLE_PRICE_INFO1>
						<ARTICLE_PRICE_INFO2>81.11</ARTICLE_PRICE_INFO2>
						<ARTICLE_PRICE_INFO3></ARTICLE_PRICE_INFO3>
						<PInsertion>0,0,0</PInsertion>
						<POrntation></POrntation>
						<!--
						<ArticleNumber></ArticleNumber>
						-->
							
					</Set>
					<!--  -->
					
			
		</BuilderList>
	</Order>
</XML>